<?xml version="1.0" encoding="UTF-8"?>
<testng-results ignored="0" total="1" passed="1" failed="0" skipped="0">
  <reporter-output>
  </reporter-output>
  <suite started-at="2021-09-11T16:04:05 IST" name="Default suite" finished-at="2021-09-11T16:04:10 IST" duration-ms="4625">
    <groups>
    </groups>
    <test started-at="2021-09-11T16:04:05 IST" name="Default test" finished-at="2021-09-11T16:04:10 IST" duration-ms="4625">
      <class name="com.dataprovider.test.HalfEbeyTest">
        <test-method is-config="true" signature="setup()[pri:0, instance:com.dataprovider.test.HalfEbeyTest@4e91d63f]" started-at="2021-09-11T16:04:05 IST" name="setup" finished-at="2021-09-11T16:04:10 IST" duration-ms="4040" status="PASS">
          <reporter-output>
          </reporter-output>
        </test-method> <!-- setup -->
        <test-method signature="ebeyregistrationpagetest()[pri:0, instance:com.dataprovider.test.HalfEbeyTest@4e91d63f]" started-at="2021-09-11T16:04:10 IST" name="ebeyregistrationpagetest" finished-at="2021-09-11T16:04:10 IST" duration-ms="552" status="PASS">
          <reporter-output>
          </reporter-output>
        </test-method> <!-- ebeyregistrationpagetest -->
        <test-method is-config="true" signature="tearDown()[pri:0, instance:com.dataprovider.test.HalfEbeyTest@4e91d63f]" started-at="2021-09-11T16:04:10 IST" name="tearDown" finished-at="2021-09-11T16:04:10 IST" duration-ms="1" status="PASS">
          <reporter-output>
          </reporter-output>
        </test-method> <!-- tearDown -->
      </class> <!-- com.dataprovider.test.HalfEbeyTest -->
    </test> <!-- Default test -->
  </suite> <!-- Default suite -->
</testng-results>
